Determining if the pthread_create exist failed with the following output:
Change Dir: /home/shehab/catkin_ws/build/CMakeFiles/CMakeTmp

Run Build Command:/usr/bin/make "cmTryCompileExec3601454511/fast"
/usr/bin/make -f CMakeFiles/cmTryCompileExec3601454511.dir/build.make CMakeFiles/cmTryCompileExec3601454511.dir/build
make[1]: Entering directory `/home/shehab/catkin_ws/build/CMakeFiles/CMakeTmp'
/usr/bin/cmake -E cmake_progress_report /home/shehab/catkin_ws/build/CMakeFiles/CMakeTmp/CMakeFiles 1
Building C object CMakeFiles/cmTryCompileExec3601454511.dir/CheckSymbolExists.c.o
/usr/bin/cc    -o CMakeFiles/cmTryCompileExec3601454511.dir/CheckSymbolExists.c.o   -c /home/shehab/catkin_ws/build/CMakeFiles/CMakeTmp/CheckSymbolExists.c
Linking C executable cmTryCompileExec3601454511
/usr/bin/cmake -E cmake_link_script CMakeFiles/cmTryCompileExec3601454511.dir/link.txt --verbose=1
/usr/bin/cc       CMakeFiles/cmTryCompileExec3601454511.dir/CheckSymbolExists.c.o  -o cmTryCompileExec3601454511 -rdynamic 
CMakeFiles/cmTryCompileExec3601454511.dir/CheckSymbolExists.c.o: In function `main':
CheckSymbolExists.c:(.text+0x16): undefined reference to `pthread_create'
collect2: error: ld returned 1 exit status
make[1]: Leaving directory `/home/shehab/catkin_ws/build/CMakeFiles/CMakeTmp'
make[1]: *** [cmTryCompileExec3601454511] Error 1
make: *** [cmTryCompileExec3601454511/fast] Error 2

File /home/shehab/catkin_ws/build/CMakeFiles/CMakeTmp/CheckSymbolExists.c:
/* */
#include <pthread.h>

int main(int argc, char** argv)
{
  (void)argv;
#ifndef pthread_create
  return ((int*)(&pthread_create))[argc];
#else
  (void)argc;
  return 0;
#endif
}

Determining if the function pthread_create exists in the pthreads failed with the following output:
Change Dir: /home/shehab/catkin_ws/build/CMakeFiles/CMakeTmp

Run Build Command:/usr/bin/make "cmTryCompileExec3223994982/fast"
/usr/bin/make -f CMakeFiles/cmTryCompileExec3223994982.dir/build.make CMakeFiles/cmTryCompileExec3223994982.dir/build
make[1]: Entering directory `/home/shehab/catkin_ws/build/CMakeFiles/CMakeTmp'
/usr/bin/cmake -E cmake_progress_report /home/shehab/catkin_ws/build/CMakeFiles/CMakeTmp/CMakeFiles 1
Building C object CMakeFiles/cmTryCompileExec3223994982.dir/CheckFunctionExists.c.o
/usr/bin/cc   -DCHECK_FUNCTION_EXISTS=pthread_create   -o CMakeFiles/cmTryCompileExec3223994982.dir/CheckFunctionExists.c.o   -c /usr/share/cmake-2.8/Modules/CheckFunctionExists.c
Linking C executable cmTryCompileExec3223994982
/usr/bin/cmake -E cmake_link_script CMakeFiles/cmTryCompileExec3223994982.dir/link.txt --verbose=1
/usr/bin/cc   -DCHECK_FUNCTION_EXISTS=pthread_create    CMakeFiles/cmTryCompileExec3223994982.dir/CheckFunctionExists.c.o  -o cmTryCompileExec3223994982 -rdynamic -lpthreads 
/usr/bin/ld: cannot find -lpthreads
collect2: error: ld returned 1 exit status
make[1]: Leaving directory `/home/shehab/catkin_ws/build/CMakeFiles/CMakeTmp'
make[1]: *** [cmTryCompileExec3223994982] Error 1
make: *** [cmTryCompileExec3223994982/fast] Error 2


