Determining if the pthread_create exist failed with the following output:
Change Dir: /home/shehab/catkin_ws/src/stage_controllers/build/CMakeFiles/CMakeTmp

Run Build Command:/usr/bin/make "cmTryCompileExec2840587360/fast"
make[1]: Entering directory `/home/shehab/catkin_ws/src/stage_controllers/build/CMakeFiles/CMakeTmp'
/usr/bin/make -f CMakeFiles/cmTryCompileExec2840587360.dir/build.make CMakeFiles/cmTryCompileExec2840587360.dir/build
make[2]: Entering directory `/home/shehab/catkin_ws/src/stage_controllers/build/CMakeFiles/CMakeTmp'
/usr/bin/cmake -E cmake_progress_report /home/shehab/catkin_ws/src/stage_controllers/build/CMakeFiles/CMakeTmp/CMakeFiles 1
Building C object CMakeFiles/cmTryCompileExec2840587360.dir/CheckSymbolExists.c.o
/usr/bin/cc    -o CMakeFiles/cmTryCompileExec2840587360.dir/CheckSymbolExists.c.o   -c /home/shehab/catkin_ws/src/stage_controllers/build/CMakeFiles/CMakeTmp/CheckSymbolExists.c
Linking C executable cmTryCompileExec2840587360
/usr/bin/cmake -E cmake_link_script CMakeFiles/cmTryCompileExec2840587360.dir/link.txt --verbose=1
/usr/bin/cc       CMakeFiles/cmTryCompileExec2840587360.dir/CheckSymbolExists.c.o  -o cmTryCompileExec2840587360 -rdynamic 
CMakeFiles/cmTryCompileExec2840587360.dir/CheckSymbolExists.c.o: In function `main':
CheckSymbolExists.c:(.text+0x16): undefined reference to `pthread_create'
collect2: error: ld returned 1 exit status
make[2]: *** [cmTryCompileExec2840587360] Error 1
make[2]: Leaving directory `/home/shehab/catkin_ws/src/stage_controllers/build/CMakeFiles/CMakeTmp'
make[1]: *** [cmTryCompileExec2840587360/fast] Error 2
make[1]: Leaving directory `/home/shehab/catkin_ws/src/stage_controllers/build/CMakeFiles/CMakeTmp'

File /home/shehab/catkin_ws/src/stage_controllers/build/CMakeFiles/CMakeTmp/CheckSymbolExists.c:
/* */
#include <pthread.h>

int main(int argc, char** argv)
{
  (void)argv;
#ifndef pthread_create
  return ((int*)(&pthread_create))[argc];
#else
  (void)argc;
  return 0;
#endif
}

Determining if the function pthread_create exists in the pthreads failed with the following output:
Change Dir: /home/shehab/catkin_ws/src/stage_controllers/build/CMakeFiles/CMakeTmp

Run Build Command:/usr/bin/make "cmTryCompileExec825851186/fast"
make[1]: Entering directory `/home/shehab/catkin_ws/src/stage_controllers/build/CMakeFiles/CMakeTmp'
/usr/bin/make -f CMakeFiles/cmTryCompileExec825851186.dir/build.make CMakeFiles/cmTryCompileExec825851186.dir/build
make[2]: Entering directory `/home/shehab/catkin_ws/src/stage_controllers/build/CMakeFiles/CMakeTmp'
/usr/bin/cmake -E cmake_progress_report /home/shehab/catkin_ws/src/stage_controllers/build/CMakeFiles/CMakeTmp/CMakeFiles 1
Building C object CMakeFiles/cmTryCompileExec825851186.dir/CheckFunctionExists.c.o
/usr/bin/cc   -DCHECK_FUNCTION_EXISTS=pthread_create   -o CMakeFiles/cmTryCompileExec825851186.dir/CheckFunctionExists.c.o   -c /usr/share/cmake-2.8/Modules/CheckFunctionExists.c
Linking C executable cmTryCompileExec825851186
/usr/bin/cmake -E cmake_link_script CMakeFiles/cmTryCompileExec825851186.dir/link.txt --verbose=1
/usr/bin/cc   -DCHECK_FUNCTION_EXISTS=pthread_create    CMakeFiles/cmTryCompileExec825851186.dir/CheckFunctionExists.c.o  -o cmTryCompileExec825851186 -rdynamic -lpthreads 
/usr/bin/ld: cannot find -lpthreads
collect2: error: ld returned 1 exit status
make[2]: *** [cmTryCompileExec825851186] Error 1
make[2]: Leaving directory `/home/shehab/catkin_ws/src/stage_controllers/build/CMakeFiles/CMakeTmp'
make[1]: *** [cmTryCompileExec825851186/fast] Error 2
make[1]: Leaving directory `/home/shehab/catkin_ws/src/stage_controllers/build/CMakeFiles/CMakeTmp'


